<?xml version="1.0" encoding="UTF-8"?>
<!-- Generated by org.testng.reporters.JUnitReportReporter -->
<testsuite skipped="0" hostname="CBT-MH-000" name="PHP_AUTOMATION.php_travels.Test1" tests="1" failures="0" timestamp="31 Oct 2019 07:14:30 GMT" time="14.543" errors="0">
  <testcase name="Before" time="14.543" classname="PHP_AUTOMATION.php_travels.Test1"/>
</testsuite> <!-- PHP_AUTOMATION.php_travels.Test1 -->
