<?xml version="1.0" encoding="UTF-8"?>
<!-- Generated by org.testng.reporters.JUnitReportReporter -->
<testsuite skipped="0" hostname="CBT-MH-000" name="PHP_AUTOMATION.php_travels.Test4" tests="1" failures="0" timestamp="31 Oct 2019 07:16:22 GMT" time="30.764" errors="0">
  <testcase name="Before" time="30.764" classname="PHP_AUTOMATION.php_travels.Test4"/>
</testsuite> <!-- PHP_AUTOMATION.php_travels.Test4 -->
