<?xml version="1.0" encoding="UTF-8"?>
<!-- Generated by org.testng.reporters.JUnitReportReporter -->
<testsuite skipped="0" hostname="CBT-MH-000" name="PHP_AUTOMATION.php_travels.Test2" tests="1" failures="0" timestamp="31 Oct 2019 07:15:08 GMT" time="14.196" errors="0">
  <testcase name="Before" time="14.196" classname="PHP_AUTOMATION.php_travels.Test2"/>
</testsuite> <!-- PHP_AUTOMATION.php_travels.Test2 -->
