<?xml version="1.0" encoding="UTF-8"?>
<!-- Generated by org.testng.reporters.JUnitReportReporter -->
<testsuite skipped="0" hostname="CBT-MH-000" name="PHP_AUTOMATION.php_travels.Test5" tests="1" failures="0" timestamp="31 Oct 2019 07:18:16 GMT" time="22.444" errors="0">
  <testcase name="Before" time="22.444" classname="PHP_AUTOMATION.php_travels.Test5"/>
</testsuite> <!-- PHP_AUTOMATION.php_travels.Test5 -->
